<?xml version="1.0" encoding="UTF-8"?>
<testsuite xmlns:xsi="http://www.w3.org/2001/XMLSchema-instance" xsi:noNamespaceSchemaLocation="https://maven.apache.org/surefire/maven-surefire-plugin/xsd/surefire-test-report-3.0.xsd" version="3.0" name="TestSuite" time="25.332" tests="10" errors="0" skipped="0" failures="1">
  <properties>
    <property name="java.specification.version" value="14"/>
    <property name="sun.jnu.encoding" value="UTF-8"/>
    <property name="java.class.path" value="/Users/ravikiranpadki/technicaltest/WooliesTechTest/target/test-classes:/Users/ravikiranpadki/technicaltest/WooliesTechTest/target/classes:/Users/ravikiranpadki/.m2/repository/io/appium/java-client/7.0.0/java-client-7.0.0.jar:/Users/ravikiranpadki/.m2/repository/org/seleniumhq/selenium/selenium-support/3.141.59/selenium-support-3.141.59.jar:/Users/ravikiranpadki/.m2/repository/org/seleniumhq/selenium/selenium-api/3.141.59/selenium-api-3.141.59.jar:/Users/ravikiranpadki/.m2/repository/com/google/code/gson/gson/2.8.5/gson-2.8.5.jar:/Users/ravikiranpadki/.m2/repository/org/apache/httpcomponents/httpclient/4.5.6/httpclient-4.5.6.jar:/Users/ravikiranpadki/.m2/repository/org/apache/httpcomponents/httpcore/4.4.10/httpcore-4.4.10.jar:/Users/ravikiranpadki/.m2/repository/commons-logging/commons-logging/1.2/commons-logging-1.2.jar:/Users/ravikiranpadki/.m2/repository/commons-codec/commons-codec/1.10/commons-codec-1.10.jar:/Users/ravikiranpadki/.m2/repository/cglib/cglib/3.2.8/cglib-3.2.8.jar:/Users/ravikiranpadki/.m2/repository/org/ow2/asm/asm/6.2.1/asm-6.2.1.jar:/Users/ravikiranpadki/.m2/repository/org/apache/ant/ant/1.10.3/ant-1.10.3.jar:/Users/ravikiranpadki/.m2/repository/org/apache/ant/ant-launcher/1.10.3/ant-launcher-1.10.3.jar:/Users/ravikiranpadki/.m2/repository/commons-validator/commons-validator/1.6/commons-validator-1.6.jar:/Users/ravikiranpadki/.m2/repository/commons-beanutils/commons-beanutils/1.9.2/commons-beanutils-1.9.2.jar:/Users/ravikiranpadki/.m2/repository/commons-digester/commons-digester/1.8.1/commons-digester-1.8.1.jar:/Users/ravikiranpadki/.m2/repository/commons-collections/commons-collections/3.2.2/commons-collections-3.2.2.jar:/Users/ravikiranpadki/.m2/repository/org/apache/commons/commons-lang3/3.8/commons-lang3-3.8.jar:/Users/ravikiranpadki/.m2/repository/commons-io/commons-io/2.6/commons-io-2.6.jar:/Users/ravikiranpadki/.m2/repository/org/springframework/spring-context/5.1.0.RELEASE/spring-context-5.1.0.RELEASE.jar:/Users/ravikiranpadki/.m2/repository/org/springframework/spring-aop/5.1.0.RELEASE/spring-aop-5.1.0.RELEASE.jar:/Users/ravikiranpadki/.m2/repository/org/springframework/spring-beans/5.1.0.RELEASE/spring-beans-5.1.0.RELEASE.jar:/Users/ravikiranpadki/.m2/repository/org/springframework/spring-core/5.1.0.RELEASE/spring-core-5.1.0.RELEASE.jar:/Users/ravikiranpadki/.m2/repository/org/springframework/spring-jcl/5.1.0.RELEASE/spring-jcl-5.1.0.RELEASE.jar:/Users/ravikiranpadki/.m2/repository/org/springframework/spring-expression/5.1.0.RELEASE/spring-expression-5.1.0.RELEASE.jar:/Users/ravikiranpadki/.m2/repository/org/aspectj/aspectjweaver/1.9.1/aspectjweaver-1.9.1.jar:/Users/ravikiranpadki/.m2/repository/org/slf4j/slf4j-api/1.7.25/slf4j-api-1.7.25.jar:/Users/ravikiranpadki/.m2/repository/org/seleniumhq/selenium/selenium-java/3.141.59/selenium-java-3.141.59.jar:/Users/ravikiranpadki/.m2/repository/org/seleniumhq/selenium/selenium-chrome-driver/3.141.59/selenium-chrome-driver-3.141.59.jar:/Users/ravikiranpadki/.m2/repository/org/seleniumhq/selenium/selenium-edge-driver/3.141.59/selenium-edge-driver-3.141.59.jar:/Users/ravikiranpadki/.m2/repository/org/seleniumhq/selenium/selenium-firefox-driver/3.141.59/selenium-firefox-driver-3.141.59.jar:/Users/ravikiranpadki/.m2/repository/org/seleniumhq/selenium/selenium-ie-driver/3.141.59/selenium-ie-driver-3.141.59.jar:/Users/ravikiranpadki/.m2/repository/org/seleniumhq/selenium/selenium-opera-driver/3.141.59/selenium-opera-driver-3.141.59.jar:/Users/ravikiranpadki/.m2/repository/org/seleniumhq/selenium/selenium-remote-driver/3.141.59/selenium-remote-driver-3.141.59.jar:/Users/ravikiranpadki/.m2/repository/org/seleniumhq/selenium/selenium-safari-driver/3.141.59/selenium-safari-driver-3.141.59.jar:/Users/ravikiranpadki/.m2/repository/net/bytebuddy/byte-buddy/1.8.15/byte-buddy-1.8.15.jar:/Users/ravikiranpadki/.m2/repository/org/apache/commons/commons-exec/1.3/commons-exec-1.3.jar:/Users/ravikiranpadki/.m2/repository/com/google/guava/guava/25.0-jre/guava-25.0-jre.jar:/Users/ravikiranpadki/.m2/repository/com/google/code/findbugs/jsr305/1.3.9/jsr305-1.3.9.jar:/Users/ravikiranpadki/.m2/repository/org/checkerframework/checker-compat-qual/2.0.0/checker-compat-qual-2.0.0.jar:/Users/ravikiranpadki/.m2/repository/com/google/errorprone/error_prone_annotations/2.1.3/error_prone_annotations-2.1.3.jar:/Users/ravikiranpadki/.m2/repository/com/google/j2objc/j2objc-annotations/1.1/j2objc-annotations-1.1.jar:/Users/ravikiranpadki/.m2/repository/org/codehaus/mojo/animal-sniffer-annotations/1.14/animal-sniffer-annotations-1.14.jar:/Users/ravikiranpadki/.m2/repository/com/squareup/okhttp3/okhttp/3.11.0/okhttp-3.11.0.jar:/Users/ravikiranpadki/.m2/repository/com/squareup/okio/okio/1.14.0/okio-1.14.0.jar:/Users/ravikiranpadki/.m2/repository/org/testng/testng/6.14.3/testng-6.14.3.jar:/Users/ravikiranpadki/.m2/repository/com/beust/jcommander/1.72/jcommander-1.72.jar:/Users/ravikiranpadki/.m2/repository/org/apache-extras/beanshell/bsh/2.0b6/bsh-2.0b6.jar:/Users/ravikiranpadki/.m2/repository/com/aventstack/extentreports/4.0.0/extentreports-4.0.0.jar:/Users/ravikiranpadki/.m2/repository/org/freemarker/freemarker/2.3.23/freemarker-2.3.23.jar:/Users/ravikiranpadki/.m2/repository/org/mongodb/mongodb-driver/3.3.0/mongodb-driver-3.3.0.jar:/Users/ravikiranpadki/.m2/repository/org/mongodb/mongodb-driver-core/3.3.0/mongodb-driver-core-3.3.0.jar:/Users/ravikiranpadki/.m2/repository/org/mongodb/bson/3.3.0/bson-3.3.0.jar:/Users/ravikiranpadki/.m2/repository/org/apache/httpcomponents/httpmime/4.5.2/httpmime-4.5.2.jar:"/>
    <property name="java.vm.vendor" value="Oracle Corporation"/>
    <property name="sun.arch.data.model" value="64"/>
    <property name="java.vendor.url" value="https://openjdk.java.net/"/>
    <property name="user.timezone" value="Australia/Sydney"/>
    <property name="os.name" value="Mac OS X"/>
    <property name="java.vm.specification.version" value="14"/>
    <property name="sun.java.launcher" value="SUN_STANDARD"/>
    <property name="user.country" value="AU"/>
    <property name="sun.boot.library.path" value="/usr/local/Cellar/openjdk/14.0.1/libexec/openjdk.jdk/Contents/Home/lib"/>
    <property name="sun.java.command" value="/Users/ravikiranpadki/technicaltest/WooliesTechTest/target/surefire/surefirebooter6286512394940365715.jar /Users/ravikiranpadki/technicaltest/WooliesTechTest/target/surefire 2020-09-08T17-06-34_860-jvmRun1 surefire11727521198377447840tmp surefire_05608054732290828226tmp"/>
    <property name="http.nonProxyHosts" value="local|*.local|169.254/16|*.169.254/16"/>
    <property name="jdk.debug" value="release"/>
    <property name="surefire.test.class.path" value="/Users/ravikiranpadki/technicaltest/WooliesTechTest/target/test-classes:/Users/ravikiranpadki/technicaltest/WooliesTechTest/target/classes:/Users/ravikiranpadki/.m2/repository/io/appium/java-client/7.0.0/java-client-7.0.0.jar:/Users/ravikiranpadki/.m2/repository/org/seleniumhq/selenium/selenium-support/3.141.59/selenium-support-3.141.59.jar:/Users/ravikiranpadki/.m2/repository/org/seleniumhq/selenium/selenium-api/3.141.59/selenium-api-3.141.59.jar:/Users/ravikiranpadki/.m2/repository/com/google/code/gson/gson/2.8.5/gson-2.8.5.jar:/Users/ravikiranpadki/.m2/repository/org/apache/httpcomponents/httpclient/4.5.6/httpclient-4.5.6.jar:/Users/ravikiranpadki/.m2/repository/org/apache/httpcomponents/httpcore/4.4.10/httpcore-4.4.10.jar:/Users/ravikiranpadki/.m2/repository/commons-logging/commons-logging/1.2/commons-logging-1.2.jar:/Users/ravikiranpadki/.m2/repository/commons-codec/commons-codec/1.10/commons-codec-1.10.jar:/Users/ravikiranpadki/.m2/repository/cglib/cglib/3.2.8/cglib-3.2.8.jar:/Users/ravikiranpadki/.m2/repository/org/ow2/asm/asm/6.2.1/asm-6.2.1.jar:/Users/ravikiranpadki/.m2/repository/org/apache/ant/ant/1.10.3/ant-1.10.3.jar:/Users/ravikiranpadki/.m2/repository/org/apache/ant/ant-launcher/1.10.3/ant-launcher-1.10.3.jar:/Users/ravikiranpadki/.m2/repository/commons-validator/commons-validator/1.6/commons-validator-1.6.jar:/Users/ravikiranpadki/.m2/repository/commons-beanutils/commons-beanutils/1.9.2/commons-beanutils-1.9.2.jar:/Users/ravikiranpadki/.m2/repository/commons-digester/commons-digester/1.8.1/commons-digester-1.8.1.jar:/Users/ravikiranpadki/.m2/repository/commons-collections/commons-collections/3.2.2/commons-collections-3.2.2.jar:/Users/ravikiranpadki/.m2/repository/org/apache/commons/commons-lang3/3.8/commons-lang3-3.8.jar:/Users/ravikiranpadki/.m2/repository/commons-io/commons-io/2.6/commons-io-2.6.jar:/Users/ravikiranpadki/.m2/repository/org/springframework/spring-context/5.1.0.RELEASE/spring-context-5.1.0.RELEASE.jar:/Users/ravikiranpadki/.m2/repository/org/springframework/spring-aop/5.1.0.RELEASE/spring-aop-5.1.0.RELEASE.jar:/Users/ravikiranpadki/.m2/repository/org/springframework/spring-beans/5.1.0.RELEASE/spring-beans-5.1.0.RELEASE.jar:/Users/ravikiranpadki/.m2/repository/org/springframework/spring-core/5.1.0.RELEASE/spring-core-5.1.0.RELEASE.jar:/Users/ravikiranpadki/.m2/repository/org/springframework/spring-jcl/5.1.0.RELEASE/spring-jcl-5.1.0.RELEASE.jar:/Users/ravikiranpadki/.m2/repository/org/springframework/spring-expression/5.1.0.RELEASE/spring-expression-5.1.0.RELEASE.jar:/Users/ravikiranpadki/.m2/repository/org/aspectj/aspectjweaver/1.9.1/aspectjweaver-1.9.1.jar:/Users/ravikiranpadki/.m2/repository/org/slf4j/slf4j-api/1.7.25/slf4j-api-1.7.25.jar:/Users/ravikiranpadki/.m2/repository/org/seleniumhq/selenium/selenium-java/3.141.59/selenium-java-3.141.59.jar:/Users/ravikiranpadki/.m2/repository/org/seleniumhq/selenium/selenium-chrome-driver/3.141.59/selenium-chrome-driver-3.141.59.jar:/Users/ravikiranpadki/.m2/repository/org/seleniumhq/selenium/selenium-edge-driver/3.141.59/selenium-edge-driver-3.141.59.jar:/Users/ravikiranpadki/.m2/repository/org/seleniumhq/selenium/selenium-firefox-driver/3.141.59/selenium-firefox-driver-3.141.59.jar:/Users/ravikiranpadki/.m2/repository/org/seleniumhq/selenium/selenium-ie-driver/3.141.59/selenium-ie-driver-3.141.59.jar:/Users/ravikiranpadki/.m2/repository/org/seleniumhq/selenium/selenium-opera-driver/3.141.59/selenium-opera-driver-3.141.59.jar:/Users/ravikiranpadki/.m2/repository/org/seleniumhq/selenium/selenium-remote-driver/3.141.59/selenium-remote-driver-3.141.59.jar:/Users/ravikiranpadki/.m2/repository/org/seleniumhq/selenium/selenium-safari-driver/3.141.59/selenium-safari-driver-3.141.59.jar:/Users/ravikiranpadki/.m2/repository/net/bytebuddy/byte-buddy/1.8.15/byte-buddy-1.8.15.jar:/Users/ravikiranpadki/.m2/repository/org/apache/commons/commons-exec/1.3/commons-exec-1.3.jar:/Users/ravikiranpadki/.m2/repository/com/google/guava/guava/25.0-jre/guava-25.0-jre.jar:/Users/ravikiranpadki/.m2/repository/com/google/code/findbugs/jsr305/1.3.9/jsr305-1.3.9.jar:/Users/ravikiranpadki/.m2/repository/org/checkerframework/checker-compat-qual/2.0.0/checker-compat-qual-2.0.0.jar:/Users/ravikiranpadki/.m2/repository/com/google/errorprone/error_prone_annotations/2.1.3/error_prone_annotations-2.1.3.jar:/Users/ravikiranpadki/.m2/repository/com/google/j2objc/j2objc-annotations/1.1/j2objc-annotations-1.1.jar:/Users/ravikiranpadki/.m2/repository/org/codehaus/mojo/animal-sniffer-annotations/1.14/animal-sniffer-annotations-1.14.jar:/Users/ravikiranpadki/.m2/repository/com/squareup/okhttp3/okhttp/3.11.0/okhttp-3.11.0.jar:/Users/ravikiranpadki/.m2/repository/com/squareup/okio/okio/1.14.0/okio-1.14.0.jar:/Users/ravikiranpadki/.m2/repository/org/testng/testng/6.14.3/testng-6.14.3.jar:/Users/ravikiranpadki/.m2/repository/com/beust/jcommander/1.72/jcommander-1.72.jar:/Users/ravikiranpadki/.m2/repository/org/apache-extras/beanshell/bsh/2.0b6/bsh-2.0b6.jar:/Users/ravikiranpadki/.m2/repository/com/aventstack/extentreports/4.0.0/extentreports-4.0.0.jar:/Users/ravikiranpadki/.m2/repository/org/freemarker/freemarker/2.3.23/freemarker-2.3.23.jar:/Users/ravikiranpadki/.m2/repository/org/mongodb/mongodb-driver/3.3.0/mongodb-driver-3.3.0.jar:/Users/ravikiranpadki/.m2/repository/org/mongodb/mongodb-driver-core/3.3.0/mongodb-driver-core-3.3.0.jar:/Users/ravikiranpadki/.m2/repository/org/mongodb/bson/3.3.0/bson-3.3.0.jar:/Users/ravikiranpadki/.m2/repository/org/apache/httpcomponents/httpmime/4.5.2/httpmime-4.5.2.jar:"/>
    <property name="sun.cpu.endian" value="little"/>
    <property name="user.home" value="/Users/ravikiranpadki"/>
    <property name="user.language" value="en"/>
    <property name="java.specification.vendor" value="Oracle Corporation"/>
    <property name="java.version.date" value="2020-04-14"/>
    <property name="java.home" value="/usr/local/Cellar/openjdk/14.0.1/libexec/openjdk.jdk/Contents/Home"/>
    <property name="file.separator" value="/"/>
    <property name="basedir" value="/Users/ravikiranpadki/technicaltest/WooliesTechTest"/>
    <property name="java.vm.compressedOopsMode" value="Zero based"/>
    <property name="line.separator" value="&#10;"/>
    <property name="java.specification.name" value="Java Platform API Specification"/>
    <property name="java.vm.specification.vendor" value="Oracle Corporation"/>
    <property name="surefire.real.class.path" value="/Users/ravikiranpadki/technicaltest/WooliesTechTest/target/surefire/surefirebooter6286512394940365715.jar"/>
    <property name="sun.management.compiler" value="HotSpot 64-Bit Tiered Compilers"/>
    <property name="ftp.nonProxyHosts" value="local|*.local|169.254/16|*.169.254/16"/>
    <property name="java.runtime.version" value="14.0.1+14"/>
    <property name="user.name" value="ravikiranpadki"/>
    <property name="path.separator" value=":"/>
    <property name="os.version" value="10.15.6"/>
    <property name="java.runtime.name" value="OpenJDK Runtime Environment"/>
    <property name="file.encoding" value="UTF-8"/>
    <property name="java.vm.name" value="OpenJDK 64-Bit Server VM"/>
    <property name="localRepository" value="/Users/ravikiranpadki/.m2/repository"/>
    <property name="java.vendor.url.bug" value="https://bugreport.java.com/bugreport/"/>
    <property name="java.io.tmpdir" value="/var/folders/l2/8q_spnfn4nlb3vr8_nwmw1980000gn/T/"/>
    <property name="java.version" value="14.0.1"/>
    <property name="user.dir" value="/Users/ravikiranpadki/technicaltest/WooliesTechTest"/>
    <property name="os.arch" value="x86_64"/>
    <property name="java.vm.specification.name" value="Java Virtual Machine Specification"/>
    <property name="java.library.path" value="/Users/ravikiranpadki/Library/Java/Extensions:/Library/Java/Extensions:/Network/Library/Java/Extensions:/System/Library/Java/Extensions:/usr/lib/java:."/>
    <property name="java.vm.info" value="mixed mode, sharing"/>
    <property name="java.vendor" value="N/A"/>
    <property name="java.vm.version" value="14.0.1+14"/>
    <property name="sun.io.unicode.encoding" value="UnicodeBig"/>
    <property name="socksNonProxyHosts" value="local|*.local|169.254/16|*.169.254/16"/>
    <property name="java.class.version" value="58.0"/>
  </properties>
  <testcase name="moveToNextScreen" classname="org.calender.testcases.LaunchScreenTest" time="2.16">
    <system-err><![CDATA[Sep 08, 2020 5:06:40 PM io.appium.java_client.remote.AppiumCommandExecutor$1 lambda$0
INFO: Detected dialect: W3C
]]></system-err>
  </testcase>
  <testcase name="gotItTest" classname="org.calender.testcases.LaunchScreenTest" time="1.119"/>
  <testcase name="addEventEntry" classname="org.calender.testcases.CalendarEntryScreenTest" time="3.45"/>
  <testcase name="addEvent" classname="org.calender.testcases.CalendarEntryScreenTest" time="1.005"/>
  <testcase name="verifyElementsPresent" classname="org.calender.testcases.ScheduleEventsScreenTest" time="1.157"/>
  <testcase name="enterMeetingTitle" classname="org.calender.testcases.ScheduleEventsScreenTest" time="0.575"/>
  <testcase name="setRecurringDate" classname="org.calender.testcases.ScheduleEventsScreenTest" time="7.127">
    <failure message="expected [Repeats weekly on Mon, Wed, Fri] but found [Repeats weekly on Mon, Wed, Fr]" type="java.lang.AssertionError"><![CDATA[java.lang.AssertionError: expected [Repeats weekly on Mon, Wed, Fri] but found [Repeats weekly on Mon, Wed, Fr]
	at org.calender.testcases.ScheduleEventsScreenTest.setRecurringDate(ScheduleEventsScreenTest.java:29)
]]></failure>
  </testcase>
  <testcase name="invitePeople[testone@gmail.com](1)" classname="org.calender.testcases.ScheduleEventsScreenTest" time="0.078"/>
  <testcase name="invitePeople[testtwo@gmail.com](2)" classname="org.calender.testcases.ScheduleEventsScreenTest" time="1.058"/>
  <testcase name="saveInvite" classname="org.calender.testcases.ScheduleEventsScreenTest" time="0.543"/>
</testsuite>