<?xml version="1.0" encoding="UTF-8"?>
<!-- Generated by org.testng.reporters.JUnitReportReporter -->
<testsuite hostname="Ravikirans-MBP" failures="0" tests="2" name="org.calender.testcases.CalendarEntryScreenTest" time="4.455" errors="0" timestamp="08 Sep 2020 07:07:00 GMT" skipped="0">
  <testcase classname="org.calender.testcases.CalendarEntryScreenTest" name="addEventEntry" time="3.450"/>
  <testcase classname="org.calender.testcases.CalendarEntryScreenTest" name="addEvent" time="1.005"/>
</testsuite> <!-- org.calender.testcases.CalendarEntryScreenTest -->
