<?xml version="1.0" encoding="UTF-8"?>
<!-- Generated by org.testng.reporters.JUnitReportReporter -->
<testsuite hostname="Ravikirans-MBP" failures="0" tests="2" name="org.calender.testcases.LaunchScreenTest" time="3.280" errors="0" timestamp="08 Sep 2020 07:07:00 GMT" skipped="0">
  <testcase classname="org.calender.testcases.LaunchScreenTest" name="moveToNextScreen" time="2.159"/>
  <testcase classname="org.calender.testcases.LaunchScreenTest" name="gotItTest" time="1.121"/>
</testsuite> <!-- org.calender.testcases.LaunchScreenTest -->
